INFO - 2024-05-15 15:24:49 --> Session: Class initialized using 'CodeIgniter\Session\Handlers\FileHandler' driver.
INFO - 2024-05-15 15:24:49 --> Session: Class initialized using 'CodeIgniter\Session\Handlers\FileHandler' driver.
INFO - 2024-05-15 15:24:51 --> Session: Class initialized using 'CodeIgniter\Session\Handlers\FileHandler' driver.
INFO - 2024-05-15 15:24:55 --> Session: Class initialized using 'CodeIgniter\Session\Handlers\FileHandler' driver.
WARNING - 2024-05-15 15:24:55 --> [DEPRECATED] explode(): Passing null to parameter #2 ($string) of type string is deprecated in APPPATH/Controllers/User/Login.php on line 48.
 1 APPPATH/Controllers/User/Login.php(48): explode(',', null)
 2 SYSTEMPATH/CodeIgniter.php(941): App\Controllers\User\Login->loginSubmit('loginSubmit')
 3 SYSTEMPATH/CodeIgniter.php(502): CodeIgniter\CodeIgniter->runController(Object(App\Controllers\User\Login))
 4 SYSTEMPATH/CodeIgniter.php(361): CodeIgniter\CodeIgniter->handleRequest(null, Object(Config\Cache), false)
 5 FCPATH/index.php(79): CodeIgniter\CodeIgniter->run()
INFO - 2024-05-15 15:24:55 --> Session: Class initialized using 'CodeIgniter\Session\Handlers\FileHandler' driver.
INFO - 2024-05-15 15:24:56 --> Session: Class initialized using 'CodeIgniter\Session\Handlers\FileHandler' driver.
INFO - 2024-05-15 15:24:58 --> Session: Class initialized using 'CodeIgniter\Session\Handlers\FileHandler' driver.
INFO - 2024-05-15 15:25:00 --> Session: Class initialized using 'CodeIgniter\Session\Handlers\FileHandler' driver.
INFO - 2024-05-15 15:25:01 --> Session: Class initialized using 'CodeIgniter\Session\Handlers\FileHandler' driver.
INFO - 2024-05-15 15:27:02 --> Session: Class initialized using 'CodeIgniter\Session\Handlers\FileHandler' driver.
INFO - 2024-05-15 15:27:03 --> Session: Class initialized using 'CodeIgniter\Session\Handlers\FileHandler' driver.
CRITICAL - 2024-05-15 15:27:03 --> Error: Class "App\Libraries\Exception" not found
in APPPATH/Libraries/PHPMailer.php on line 2275.
 1 SYSTEMPATH/Autoloader/Autoloader.php(311): include_once()
 2 SYSTEMPATH/Autoloader/Autoloader.php(290): CodeIgniter\Autoloader\Autoloader->includeFile()
 3 SYSTEMPATH/Autoloader/Autoloader.php(266): CodeIgniter\Autoloader\Autoloader->loadInNamespace()
 4 APPPATH/Controllers/visaTracking/Employees.php(437): CodeIgniter\Autoloader\Autoloader->loadClass()
 5 SYSTEMPATH/CodeIgniter.php(941): app\Controllers\visaTracking\Employees->updateEmployee()
 6 SYSTEMPATH/CodeIgniter.php(502): CodeIgniter\CodeIgniter->runController()
 7 SYSTEMPATH/CodeIgniter.php(361): CodeIgniter\CodeIgniter->handleRequest()
 8 FCPATH/index.php(79): CodeIgniter\CodeIgniter->run()
INFO - 2024-05-15 15:27:06 --> Session: Class initialized using 'CodeIgniter\Session\Handlers\FileHandler' driver.
CRITICAL - 2024-05-15 15:27:06 --> Error: Class "App\Libraries\Exception" not found
in APPPATH/Libraries/PHPMailer.php on line 2275.
 1 SYSTEMPATH/Autoloader/Autoloader.php(311): include_once()
 2 SYSTEMPATH/Autoloader/Autoloader.php(290): CodeIgniter\Autoloader\Autoloader->includeFile()
 3 SYSTEMPATH/Autoloader/Autoloader.php(266): CodeIgniter\Autoloader\Autoloader->loadInNamespace()
 4 APPPATH/Controllers/visaTracking/Employees.php(437): CodeIgniter\Autoloader\Autoloader->loadClass()
 5 SYSTEMPATH/CodeIgniter.php(941): app\Controllers\visaTracking\Employees->updateEmployee()
 6 SYSTEMPATH/CodeIgniter.php(502): CodeIgniter\CodeIgniter->runController()
 7 SYSTEMPATH/CodeIgniter.php(361): CodeIgniter\CodeIgniter->handleRequest()
 8 FCPATH/index.php(79): CodeIgniter\CodeIgniter->run()
INFO - 2024-05-15 15:52:24 --> Session: Class initialized using 'CodeIgniter\Session\Handlers\FileHandler' driver.
INFO - 2024-05-15 15:52:24 --> Session: Class initialized using 'CodeIgniter\Session\Handlers\FileHandler' driver.
INFO - 2024-05-15 15:52:33 --> Session: Class initialized using 'CodeIgniter\Session\Handlers\FileHandler' driver.
INFO - 2024-05-15 15:53:09 --> Session: Class initialized using 'CodeIgniter\Session\Handlers\FileHandler' driver.
INFO - 2024-05-15 15:53:12 --> Session: Class initialized using 'CodeIgniter\Session\Handlers\FileHandler' driver.
INFO - 2024-05-15 15:53:17 --> Session: Class initialized using 'CodeIgniter\Session\Handlers\FileHandler' driver.
INFO - 2024-05-15 15:53:17 --> Session: Class initialized using 'CodeIgniter\Session\Handlers\FileHandler' driver.
INFO - 2024-05-15 15:54:46 --> Session: Class initialized using 'CodeIgniter\Session\Handlers\FileHandler' driver.
INFO - 2024-05-15 15:54:48 --> Session: Class initialized using 'CodeIgniter\Session\Handlers\FileHandler' driver.
INFO - 2024-05-15 15:54:50 --> Session: Class initialized using 'CodeIgniter\Session\Handlers\FileHandler' driver.
CRITICAL - 2024-05-15 15:54:50 --> Error: Class "App\Libraries\phpmailer\phpmailer\src\Exception" not found
in APPPATH/Libraries/phpmailer/phpmailer/src/PHPMailer.php on line 1977.
 1 APPPATH/Libraries/phpmailer/phpmailer/src/PHPMailer.php(1691): App\Libraries\phpmailer\phpmailer\src\PHPMailer->mailSend()
 2 APPPATH/Libraries/phpmailer/phpmailer/src/PHPMailer.php(1523): App\Libraries\phpmailer\phpmailer\src\PHPMailer->postSend()
 3 APPPATH/Controllers/visaTracking/Employees.php(444): App\Libraries\phpmailer\phpmailer\src\PHPMailer->send()
 4 SYSTEMPATH/CodeIgniter.php(941): app\Controllers\visaTracking\Employees->updateEmployee()
 5 SYSTEMPATH/CodeIgniter.php(502): CodeIgniter\CodeIgniter->runController()
 6 SYSTEMPATH/CodeIgniter.php(361): CodeIgniter\CodeIgniter->handleRequest()
 7 FCPATH/index.php(79): CodeIgniter\CodeIgniter->run()
INFO - 2024-05-15 15:55:11 --> Session: Class initialized using 'CodeIgniter\Session\Handlers\FileHandler' driver.
CRITICAL - 2024-05-15 15:55:11 --> Error: Class "App\Libraries\phpmailer\phpmailer\src\Exception" not found
in APPPATH/Libraries/phpmailer/phpmailer/src/PHPMailer.php on line 1977.
 1 APPPATH/Libraries/phpmailer/phpmailer/src/PHPMailer.php(1691): App\Libraries\phpmailer\phpmailer\src\PHPMailer->mailSend()
 2 APPPATH/Libraries/phpmailer/phpmailer/src/PHPMailer.php(1523): App\Libraries\phpmailer\phpmailer\src\PHPMailer->postSend()
 3 APPPATH/Controllers/visaTracking/Employees.php(444): App\Libraries\phpmailer\phpmailer\src\PHPMailer->send()
 4 SYSTEMPATH/CodeIgniter.php(941): app\Controllers\visaTracking\Employees->updateEmployee()
 5 SYSTEMPATH/CodeIgniter.php(502): CodeIgniter\CodeIgniter->runController()
 6 SYSTEMPATH/CodeIgniter.php(361): CodeIgniter\CodeIgniter->handleRequest()
 7 FCPATH/index.php(79): CodeIgniter\CodeIgniter->run()
INFO - 2024-05-15 16:00:16 --> Session: Class initialized using 'CodeIgniter\Session\Handlers\FileHandler' driver.
INFO - 2024-05-15 16:00:17 --> Session: Class initialized using 'CodeIgniter\Session\Handlers\FileHandler' driver.
INFO - 2024-05-15 16:00:17 --> Session: Class initialized using 'CodeIgniter\Session\Handlers\FileHandler' driver.
INFO - 2024-05-15 16:00:18 --> Session: Class initialized using 'CodeIgniter\Session\Handlers\FileHandler' driver.
INFO - 2024-05-15 16:00:19 --> Session: Class initialized using 'CodeIgniter\Session\Handlers\FileHandler' driver.
INFO - 2024-05-15 16:00:21 --> Session: Class initialized using 'CodeIgniter\Session\Handlers\FileHandler' driver.
CRITICAL - 2024-05-15 16:00:21 --> Error: Class "App\Libraries\phpmailer\phpmailer\src\PHPMailer" not found
in APPPATH/Controllers/visaTracking/Employees.php on line 437.
 1 SYSTEMPATH/CodeIgniter.php(941): app\Controllers\visaTracking\Employees->updateEmployee()
 2 SYSTEMPATH/CodeIgniter.php(502): CodeIgniter\CodeIgniter->runController()
 3 SYSTEMPATH/CodeIgniter.php(361): CodeIgniter\CodeIgniter->handleRequest()
 4 FCPATH/index.php(79): CodeIgniter\CodeIgniter->run()
INFO - 2024-05-15 16:00:59 --> Session: Class initialized using 'CodeIgniter\Session\Handlers\FileHandler' driver.
CRITICAL - 2024-05-15 16:00:59 --> Error: Class "App\Libraries\phpmailer\phpmailer\src\PHPMailer" not found
in APPPATH/Controllers/visaTracking/Employees.php on line 437.
 1 SYSTEMPATH/CodeIgniter.php(941): app\Controllers\visaTracking\Employees->updateEmployee()
 2 SYSTEMPATH/CodeIgniter.php(502): CodeIgniter\CodeIgniter->runController()
 3 SYSTEMPATH/CodeIgniter.php(361): CodeIgniter\CodeIgniter->handleRequest()
 4 FCPATH/index.php(79): CodeIgniter\CodeIgniter->run()
INFO - 2024-05-15 16:01:53 --> Session: Class initialized using 'CodeIgniter\Session\Handlers\FileHandler' driver.
CRITICAL - 2024-05-15 16:01:53 --> Error: Class "App\Libraries\phpmailer\phpmailer\src\phpmailerException" not found
in APPPATH/Libraries/phpmailer/phpmailer/src/PHPMailer.php on line 688.
 1 APPPATH/Libraries/phpmailer/phpmailer/src/PHPMailer.php(579): App\Libraries\phpmailer\phpmailer\src\PHPMailer->MailSend()
 2 APPPATH/Controllers/visaTracking/Employees.php(444): App\Libraries\phpmailer\phpmailer\src\PHPMailer->Send()
 3 SYSTEMPATH/CodeIgniter.php(941): app\Controllers\visaTracking\Employees->updateEmployee()
 4 SYSTEMPATH/CodeIgniter.php(502): CodeIgniter\CodeIgniter->runController()
 5 SYSTEMPATH/CodeIgniter.php(361): CodeIgniter\CodeIgniter->handleRequest()
 6 FCPATH/index.php(79): CodeIgniter\CodeIgniter->run()
INFO - 2024-05-15 16:05:01 --> Session: Class initialized using 'CodeIgniter\Session\Handlers\FileHandler' driver.
INFO - 2024-05-15 16:05:01 --> Session: Class initialized using 'CodeIgniter\Session\Handlers\FileHandler' driver.
INFO - 2024-05-15 16:05:47 --> Session: Class initialized using 'CodeIgniter\Session\Handlers\FileHandler' driver.
INFO - 2024-05-15 16:05:50 --> Session: Class initialized using 'CodeIgniter\Session\Handlers\FileHandler' driver.
INFO - 2024-05-15 16:05:52 --> Session: Class initialized using 'CodeIgniter\Session\Handlers\FileHandler' driver.
INFO - 2024-05-15 16:05:52 --> Session: Class initialized using 'CodeIgniter\Session\Handlers\FileHandler' driver.
INFO - 2024-05-15 16:05:57 --> Session: Class initialized using 'CodeIgniter\Session\Handlers\FileHandler' driver.
CRITICAL - 2024-05-15 16:05:57 --> Error: Class "App\Libraries\phpmailer\phpmailer\src\phpmailerException" not found
in APPPATH/Libraries/phpmailer/phpmailer/src/PHPMailer.php on line 688.
 1 APPPATH/Libraries/phpmailer/phpmailer/src/PHPMailer.php(579): App\Libraries\phpmailer\phpmailer\src\PHPMailer->MailSend()
 2 APPPATH/Controllers/visaTracking/Employees.php(444): App\Libraries\phpmailer\phpmailer\src\PHPMailer->Send()
 3 SYSTEMPATH/CodeIgniter.php(941): app\Controllers\visaTracking\Employees->updateEmployee()
 4 SYSTEMPATH/CodeIgniter.php(502): CodeIgniter\CodeIgniter->runController()
 5 SYSTEMPATH/CodeIgniter.php(361): CodeIgniter\CodeIgniter->handleRequest()
 6 FCPATH/index.php(79): CodeIgniter\CodeIgniter->run()
INFO - 2024-05-15 16:07:17 --> Session: Class initialized using 'CodeIgniter\Session\Handlers\FileHandler' driver.
CRITICAL - 2024-05-15 16:07:17 --> ErrorException: Cannot redeclare App\Libraries\phpmailer\phpmailer\src\PHPMailer::$smtp
in APPPATH/Libraries/phpmailer/phpmailer/src/PHPMailer.php on line 827.
 1 [internal function]: CodeIgniter\Debug\Exceptions->shutdownHandler()
INFO - 2024-05-15 16:07:24 --> Session: Class initialized using 'CodeIgniter\Session\Handlers\FileHandler' driver.
CRITICAL - 2024-05-15 16:07:24 --> ErrorException: Cannot redeclare App\Libraries\phpmailer\phpmailer\src\PHPMailer::$smtp
in APPPATH/Libraries/phpmailer/phpmailer/src/PHPMailer.php on line 827.
 1 [internal function]: CodeIgniter\Debug\Exceptions->shutdownHandler()
INFO - 2024-05-15 16:07:28 --> Session: Class initialized using 'CodeIgniter\Session\Handlers\FileHandler' driver.
INFO - 2024-05-15 16:07:30 --> Session: Class initialized using 'CodeIgniter\Session\Handlers\FileHandler' driver.
INFO - 2024-05-15 16:07:33 --> Session: Class initialized using 'CodeIgniter\Session\Handlers\FileHandler' driver.
CRITICAL - 2024-05-15 16:07:33 --> ErrorException: Cannot redeclare App\Libraries\phpmailer\phpmailer\src\PHPMailer::$smtp
in APPPATH/Libraries/phpmailer/phpmailer/src/PHPMailer.php on line 827.
 1 [internal function]: CodeIgniter\Debug\Exceptions->shutdownHandler()
INFO - 2024-05-15 16:07:36 --> Session: Class initialized using 'CodeIgniter\Session\Handlers\FileHandler' driver.
CRITICAL - 2024-05-15 16:07:36 --> ErrorException: Cannot redeclare App\Libraries\phpmailer\phpmailer\src\PHPMailer::$smtp
in APPPATH/Libraries/phpmailer/phpmailer/src/PHPMailer.php on line 827.
 1 [internal function]: CodeIgniter\Debug\Exceptions->shutdownHandler()
INFO - 2024-05-15 16:08:19 --> Session: Class initialized using 'CodeIgniter\Session\Handlers\FileHandler' driver.
CRITICAL - 2024-05-15 16:08:19 --> Error: Class "App\Libraries\phpmailer\phpmailer\src\Exception" not found
in APPPATH/Libraries/phpmailer/phpmailer/src/PHPMailer.php on line 1977.
 1 APPPATH/Libraries/phpmailer/phpmailer/src/PHPMailer.php(1691): App\Libraries\phpmailer\phpmailer\src\PHPMailer->mailSend()
 2 APPPATH/Libraries/phpmailer/phpmailer/src/PHPMailer.php(1523): App\Libraries\phpmailer\phpmailer\src\PHPMailer->postSend()
 3 APPPATH/Controllers/visaTracking/Employees.php(444): App\Libraries\phpmailer\phpmailer\src\PHPMailer->send()
 4 SYSTEMPATH/CodeIgniter.php(941): app\Controllers\visaTracking\Employees->updateEmployee()
 5 SYSTEMPATH/CodeIgniter.php(502): CodeIgniter\CodeIgniter->runController()
 6 SYSTEMPATH/CodeIgniter.php(361): CodeIgniter\CodeIgniter->handleRequest()
 7 FCPATH/index.php(79): CodeIgniter\CodeIgniter->run()
INFO - 2024-05-15 16:09:26 --> Session: Class initialized using 'CodeIgniter\Session\Handlers\FileHandler' driver.
CRITICAL - 2024-05-15 16:09:26 --> Error: Class "App\Libraries\phpmailer\phpmailer\src\Exception" not found
in APPPATH/Libraries/phpmailer/phpmailer/src/PHPMailer.php on line 1978.
 1 APPPATH/Libraries/phpmailer/phpmailer/src/PHPMailer.php(1692): App\Libraries\phpmailer\phpmailer\src\PHPMailer->mailSend()
 2 APPPATH/Libraries/phpmailer/phpmailer/src/PHPMailer.php(1524): App\Libraries\phpmailer\phpmailer\src\PHPMailer->postSend()
 3 APPPATH/Controllers/visaTracking/Employees.php(444): App\Libraries\phpmailer\phpmailer\src\PHPMailer->send()
 4 SYSTEMPATH/CodeIgniter.php(941): app\Controllers\visaTracking\Employees->updateEmployee()
 5 SYSTEMPATH/CodeIgniter.php(502): CodeIgniter\CodeIgniter->runController()
 6 SYSTEMPATH/CodeIgniter.php(361): CodeIgniter\CodeIgniter->handleRequest()
 7 FCPATH/index.php(79): CodeIgniter\CodeIgniter->run()
INFO - 2024-05-15 16:18:44 --> Session: Class initialized using 'CodeIgniter\Session\Handlers\FileHandler' driver.
CRITICAL - 2024-05-15 16:18:44 --> Error: Call to protected method App\Libraries\phpmailer\phpmailer\src\PHPMailer::mailSend() from scope app\Controllers\visaTracking\Employees
in APPPATH/Controllers/visaTracking/Employees.php on line 444.
 1 SYSTEMPATH/CodeIgniter.php(941): app\Controllers\visaTracking\Employees->updateEmployee()
 2 SYSTEMPATH/CodeIgniter.php(502): CodeIgniter\CodeIgniter->runController()
 3 SYSTEMPATH/CodeIgniter.php(361): CodeIgniter\CodeIgniter->handleRequest()
 4 FCPATH/index.php(79): CodeIgniter\CodeIgniter->run()
INFO - 2024-05-15 16:19:53 --> Session: Class initialized using 'CodeIgniter\Session\Handlers\FileHandler' driver.
CRITICAL - 2024-05-15 16:19:53 --> Error: Class "App\Libraries\phpmailer\phpmailer\src\Exception" not found
in APPPATH/Libraries/phpmailer/phpmailer/src/PHPMailer.php on line 1978.
 1 APPPATH/Libraries/phpmailer/phpmailer/src/PHPMailer.php(1692): App\Libraries\phpmailer\phpmailer\src\PHPMailer->mailSend()
 2 APPPATH/Libraries/phpmailer/phpmailer/src/PHPMailer.php(1524): App\Libraries\phpmailer\phpmailer\src\PHPMailer->postSend()
 3 APPPATH/Controllers/visaTracking/Employees.php(444): App\Libraries\phpmailer\phpmailer\src\PHPMailer->send()
 4 SYSTEMPATH/CodeIgniter.php(941): app\Controllers\visaTracking\Employees->updateEmployee()
 5 SYSTEMPATH/CodeIgniter.php(502): CodeIgniter\CodeIgniter->runController()
 6 SYSTEMPATH/CodeIgniter.php(361): CodeIgniter\CodeIgniter->handleRequest()
 7 FCPATH/index.php(79): CodeIgniter\CodeIgniter->run()
INFO - 2024-05-15 16:19:57 --> Session: Class initialized using 'CodeIgniter\Session\Handlers\FileHandler' driver.
CRITICAL - 2024-05-15 16:19:57 --> Error: Class "App\Libraries\phpmailer\phpmailer\src\Exception" not found
in APPPATH/Libraries/phpmailer/phpmailer/src/PHPMailer.php on line 1978.
 1 APPPATH/Libraries/phpmailer/phpmailer/src/PHPMailer.php(1692): App\Libraries\phpmailer\phpmailer\src\PHPMailer->mailSend()
 2 APPPATH/Libraries/phpmailer/phpmailer/src/PHPMailer.php(1524): App\Libraries\phpmailer\phpmailer\src\PHPMailer->postSend()
 3 APPPATH/Controllers/visaTracking/Employees.php(444): App\Libraries\phpmailer\phpmailer\src\PHPMailer->send()
 4 SYSTEMPATH/CodeIgniter.php(941): app\Controllers\visaTracking\Employees->updateEmployee()
 5 SYSTEMPATH/CodeIgniter.php(502): CodeIgniter\CodeIgniter->runController()
 6 SYSTEMPATH/CodeIgniter.php(361): CodeIgniter\CodeIgniter->handleRequest()
 7 FCPATH/index.php(79): CodeIgniter\CodeIgniter->run()
INFO - 2024-05-15 16:19:58 --> Session: Class initialized using 'CodeIgniter\Session\Handlers\FileHandler' driver.
CRITICAL - 2024-05-15 16:19:58 --> Error: Class "App\Libraries\phpmailer\phpmailer\src\Exception" not found
in APPPATH/Libraries/phpmailer/phpmailer/src/PHPMailer.php on line 1978.
 1 APPPATH/Libraries/phpmailer/phpmailer/src/PHPMailer.php(1692): App\Libraries\phpmailer\phpmailer\src\PHPMailer->mailSend()
 2 APPPATH/Libraries/phpmailer/phpmailer/src/PHPMailer.php(1524): App\Libraries\phpmailer\phpmailer\src\PHPMailer->postSend()
 3 APPPATH/Controllers/visaTracking/Employees.php(444): App\Libraries\phpmailer\phpmailer\src\PHPMailer->send()
 4 SYSTEMPATH/CodeIgniter.php(941): app\Controllers\visaTracking\Employees->updateEmployee()
 5 SYSTEMPATH/CodeIgniter.php(502): CodeIgniter\CodeIgniter->runController()
 6 SYSTEMPATH/CodeIgniter.php(361): CodeIgniter\CodeIgniter->handleRequest()
 7 FCPATH/index.php(79): CodeIgniter\CodeIgniter->run()
INFO - 2024-05-15 16:19:58 --> Session: Class initialized using 'CodeIgniter\Session\Handlers\FileHandler' driver.
CRITICAL - 2024-05-15 16:19:58 --> Error: Class "App\Libraries\phpmailer\phpmailer\src\Exception" not found
in APPPATH/Libraries/phpmailer/phpmailer/src/PHPMailer.php on line 1978.
 1 APPPATH/Libraries/phpmailer/phpmailer/src/PHPMailer.php(1692): App\Libraries\phpmailer\phpmailer\src\PHPMailer->mailSend()
 2 APPPATH/Libraries/phpmailer/phpmailer/src/PHPMailer.php(1524): App\Libraries\phpmailer\phpmailer\src\PHPMailer->postSend()
 3 APPPATH/Controllers/visaTracking/Employees.php(444): App\Libraries\phpmailer\phpmailer\src\PHPMailer->send()
 4 SYSTEMPATH/CodeIgniter.php(941): app\Controllers\visaTracking\Employees->updateEmployee()
 5 SYSTEMPATH/CodeIgniter.php(502): CodeIgniter\CodeIgniter->runController()
 6 SYSTEMPATH/CodeIgniter.php(361): CodeIgniter\CodeIgniter->handleRequest()
 7 FCPATH/index.php(79): CodeIgniter\CodeIgniter->run()
INFO - 2024-05-15 16:19:58 --> Session: Class initialized using 'CodeIgniter\Session\Handlers\FileHandler' driver.
CRITICAL - 2024-05-15 16:19:58 --> Error: Class "App\Libraries\phpmailer\phpmailer\src\Exception" not found
in APPPATH/Libraries/phpmailer/phpmailer/src/PHPMailer.php on line 1978.
 1 APPPATH/Libraries/phpmailer/phpmailer/src/PHPMailer.php(1692): App\Libraries\phpmailer\phpmailer\src\PHPMailer->mailSend()
 2 APPPATH/Libraries/phpmailer/phpmailer/src/PHPMailer.php(1524): App\Libraries\phpmailer\phpmailer\src\PHPMailer->postSend()
 3 APPPATH/Controllers/visaTracking/Employees.php(444): App\Libraries\phpmailer\phpmailer\src\PHPMailer->send()
 4 SYSTEMPATH/CodeIgniter.php(941): app\Controllers\visaTracking\Employees->updateEmployee()
 5 SYSTEMPATH/CodeIgniter.php(502): CodeIgniter\CodeIgniter->runController()
 6 SYSTEMPATH/CodeIgniter.php(361): CodeIgniter\CodeIgniter->handleRequest()
 7 FCPATH/index.php(79): CodeIgniter\CodeIgniter->run()
INFO - 2024-05-15 16:19:58 --> Session: Class initialized using 'CodeIgniter\Session\Handlers\FileHandler' driver.
CRITICAL - 2024-05-15 16:19:59 --> Error: Class "App\Libraries\phpmailer\phpmailer\src\Exception" not found
in APPPATH/Libraries/phpmailer/phpmailer/src/PHPMailer.php on line 1978.
 1 APPPATH/Libraries/phpmailer/phpmailer/src/PHPMailer.php(1692): App\Libraries\phpmailer\phpmailer\src\PHPMailer->mailSend()
 2 APPPATH/Libraries/phpmailer/phpmailer/src/PHPMailer.php(1524): App\Libraries\phpmailer\phpmailer\src\PHPMailer->postSend()
 3 APPPATH/Controllers/visaTracking/Employees.php(444): App\Libraries\phpmailer\phpmailer\src\PHPMailer->send()
 4 SYSTEMPATH/CodeIgniter.php(941): app\Controllers\visaTracking\Employees->updateEmployee()
 5 SYSTEMPATH/CodeIgniter.php(502): CodeIgniter\CodeIgniter->runController()
 6 SYSTEMPATH/CodeIgniter.php(361): CodeIgniter\CodeIgniter->handleRequest()
 7 FCPATH/index.php(79): CodeIgniter\CodeIgniter->run()
INFO - 2024-05-15 16:19:59 --> Session: Class initialized using 'CodeIgniter\Session\Handlers\FileHandler' driver.
CRITICAL - 2024-05-15 16:19:59 --> Error: Class "App\Libraries\phpmailer\phpmailer\src\Exception" not found
in APPPATH/Libraries/phpmailer/phpmailer/src/PHPMailer.php on line 1978.
 1 APPPATH/Libraries/phpmailer/phpmailer/src/PHPMailer.php(1692): App\Libraries\phpmailer\phpmailer\src\PHPMailer->mailSend()
 2 APPPATH/Libraries/phpmailer/phpmailer/src/PHPMailer.php(1524): App\Libraries\phpmailer\phpmailer\src\PHPMailer->postSend()
 3 APPPATH/Controllers/visaTracking/Employees.php(444): App\Libraries\phpmailer\phpmailer\src\PHPMailer->send()
 4 SYSTEMPATH/CodeIgniter.php(941): app\Controllers\visaTracking\Employees->updateEmployee()
 5 SYSTEMPATH/CodeIgniter.php(502): CodeIgniter\CodeIgniter->runController()
 6 SYSTEMPATH/CodeIgniter.php(361): CodeIgniter\CodeIgniter->handleRequest()
 7 FCPATH/index.php(79): CodeIgniter\CodeIgniter->run()
INFO - 2024-05-15 16:19:59 --> Session: Class initialized using 'CodeIgniter\Session\Handlers\FileHandler' driver.
CRITICAL - 2024-05-15 16:19:59 --> Error: Class "App\Libraries\phpmailer\phpmailer\src\Exception" not found
in APPPATH/Libraries/phpmailer/phpmailer/src/PHPMailer.php on line 1978.
 1 APPPATH/Libraries/phpmailer/phpmailer/src/PHPMailer.php(1692): App\Libraries\phpmailer\phpmailer\src\PHPMailer->mailSend()
 2 APPPATH/Libraries/phpmailer/phpmailer/src/PHPMailer.php(1524): App\Libraries\phpmailer\phpmailer\src\PHPMailer->postSend()
 3 APPPATH/Controllers/visaTracking/Employees.php(444): App\Libraries\phpmailer\phpmailer\src\PHPMailer->send()
 4 SYSTEMPATH/CodeIgniter.php(941): app\Controllers\visaTracking\Employees->updateEmployee()
 5 SYSTEMPATH/CodeIgniter.php(502): CodeIgniter\CodeIgniter->runController()
 6 SYSTEMPATH/CodeIgniter.php(361): CodeIgniter\CodeIgniter->handleRequest()
 7 FCPATH/index.php(79): CodeIgniter\CodeIgniter->run()
INFO - 2024-05-15 16:19:59 --> Session: Class initialized using 'CodeIgniter\Session\Handlers\FileHandler' driver.
CRITICAL - 2024-05-15 16:19:59 --> Error: Class "App\Libraries\phpmailer\phpmailer\src\Exception" not found
in APPPATH/Libraries/phpmailer/phpmailer/src/PHPMailer.php on line 1978.
 1 APPPATH/Libraries/phpmailer/phpmailer/src/PHPMailer.php(1692): App\Libraries\phpmailer\phpmailer\src\PHPMailer->mailSend()
 2 APPPATH/Libraries/phpmailer/phpmailer/src/PHPMailer.php(1524): App\Libraries\phpmailer\phpmailer\src\PHPMailer->postSend()
 3 APPPATH/Controllers/visaTracking/Employees.php(444): App\Libraries\phpmailer\phpmailer\src\PHPMailer->send()
 4 SYSTEMPATH/CodeIgniter.php(941): app\Controllers\visaTracking\Employees->updateEmployee()
 5 SYSTEMPATH/CodeIgniter.php(502): CodeIgniter\CodeIgniter->runController()
 6 SYSTEMPATH/CodeIgniter.php(361): CodeIgniter\CodeIgniter->handleRequest()
 7 FCPATH/index.php(79): CodeIgniter\CodeIgniter->run()
INFO - 2024-05-15 16:19:59 --> Session: Class initialized using 'CodeIgniter\Session\Handlers\FileHandler' driver.
CRITICAL - 2024-05-15 16:19:59 --> Error: Class "App\Libraries\phpmailer\phpmailer\src\Exception" not found
in APPPATH/Libraries/phpmailer/phpmailer/src/PHPMailer.php on line 1978.
 1 APPPATH/Libraries/phpmailer/phpmailer/src/PHPMailer.php(1692): App\Libraries\phpmailer\phpmailer\src\PHPMailer->mailSend()
 2 APPPATH/Libraries/phpmailer/phpmailer/src/PHPMailer.php(1524): App\Libraries\phpmailer\phpmailer\src\PHPMailer->postSend()
 3 APPPATH/Controllers/visaTracking/Employees.php(444): App\Libraries\phpmailer\phpmailer\src\PHPMailer->send()
 4 SYSTEMPATH/CodeIgniter.php(941): app\Controllers\visaTracking\Employees->updateEmployee()
 5 SYSTEMPATH/CodeIgniter.php(502): CodeIgniter\CodeIgniter->runController()
 6 SYSTEMPATH/CodeIgniter.php(361): CodeIgniter\CodeIgniter->handleRequest()
 7 FCPATH/index.php(79): CodeIgniter\CodeIgniter->run()
INFO - 2024-05-15 16:19:59 --> Session: Class initialized using 'CodeIgniter\Session\Handlers\FileHandler' driver.
CRITICAL - 2024-05-15 16:19:59 --> Error: Class "App\Libraries\phpmailer\phpmailer\src\Exception" not found
in APPPATH/Libraries/phpmailer/phpmailer/src/PHPMailer.php on line 1978.
 1 APPPATH/Libraries/phpmailer/phpmailer/src/PHPMailer.php(1692): App\Libraries\phpmailer\phpmailer\src\PHPMailer->mailSend()
 2 APPPATH/Libraries/phpmailer/phpmailer/src/PHPMailer.php(1524): App\Libraries\phpmailer\phpmailer\src\PHPMailer->postSend()
 3 APPPATH/Controllers/visaTracking/Employees.php(444): App\Libraries\phpmailer\phpmailer\src\PHPMailer->send()
 4 SYSTEMPATH/CodeIgniter.php(941): app\Controllers\visaTracking\Employees->updateEmployee()
 5 SYSTEMPATH/CodeIgniter.php(502): CodeIgniter\CodeIgniter->runController()
 6 SYSTEMPATH/CodeIgniter.php(361): CodeIgniter\CodeIgniter->handleRequest()
 7 FCPATH/index.php(79): CodeIgniter\CodeIgniter->run()
INFO - 2024-05-15 16:20:00 --> Session: Class initialized using 'CodeIgniter\Session\Handlers\FileHandler' driver.
CRITICAL - 2024-05-15 16:20:00 --> Error: Class "App\Libraries\phpmailer\phpmailer\src\Exception" not found
in APPPATH/Libraries/phpmailer/phpmailer/src/PHPMailer.php on line 1978.
 1 APPPATH/Libraries/phpmailer/phpmailer/src/PHPMailer.php(1692): App\Libraries\phpmailer\phpmailer\src\PHPMailer->mailSend()
 2 APPPATH/Libraries/phpmailer/phpmailer/src/PHPMailer.php(1524): App\Libraries\phpmailer\phpmailer\src\PHPMailer->postSend()
 3 APPPATH/Controllers/visaTracking/Employees.php(444): App\Libraries\phpmailer\phpmailer\src\PHPMailer->send()
 4 SYSTEMPATH/CodeIgniter.php(941): app\Controllers\visaTracking\Employees->updateEmployee()
 5 SYSTEMPATH/CodeIgniter.php(502): CodeIgniter\CodeIgniter->runController()
 6 SYSTEMPATH/CodeIgniter.php(361): CodeIgniter\CodeIgniter->handleRequest()
 7 FCPATH/index.php(79): CodeIgniter\CodeIgniter->run()
INFO - 2024-05-15 16:35:29 --> Session: Class initialized using 'CodeIgniter\Session\Handlers\FileHandler' driver.
INFO - 2024-05-15 16:35:29 --> Session: Class initialized using 'CodeIgniter\Session\Handlers\FileHandler' driver.
INFO - 2024-05-15 17:08:41 --> Session: Class initialized using 'CodeIgniter\Session\Handlers\FileHandler' driver.
INFO - 2024-05-15 17:08:51 --> Session: Class initialized using 'CodeIgniter\Session\Handlers\FileHandler' driver.
INFO - 2024-05-15 17:17:32 --> Session: Class initialized using 'CodeIgniter\Session\Handlers\FileHandler' driver.
INFO - 2024-05-15 17:17:37 --> Session: Class initialized using 'CodeIgniter\Session\Handlers\FileHandler' driver.
CRITICAL - 2024-05-15 17:17:37 --> Error: Class "App\Libraries\phpmailer\phpmailer\src\Exception" not found
in APPPATH/Libraries/phpmailer/phpmailer/src/PHPMailer.php on line 1978.
 1 APPPATH/Libraries/phpmailer/phpmailer/src/PHPMailer.php(1692): App\Libraries\phpmailer\phpmailer\src\PHPMailer->mailSend()
 2 APPPATH/Libraries/phpmailer/phpmailer/src/PHPMailer.php(1524): App\Libraries\phpmailer\phpmailer\src\PHPMailer->postSend()
 3 APPPATH/Controllers/visaTracking/Employees.php(459): App\Libraries\phpmailer\phpmailer\src\PHPMailer->send()
 4 SYSTEMPATH/CodeIgniter.php(941): app\Controllers\visaTracking\Employees->updateEmployee()
 5 SYSTEMPATH/CodeIgniter.php(502): CodeIgniter\CodeIgniter->runController()
 6 SYSTEMPATH/CodeIgniter.php(361): CodeIgniter\CodeIgniter->handleRequest()
 7 FCPATH/index.php(79): CodeIgniter\CodeIgniter->run()
INFO - 2024-05-15 17:21:28 --> Session: Class initialized using 'CodeIgniter\Session\Handlers\FileHandler' driver.
CRITICAL - 2024-05-15 17:21:28 --> ErrorException: Namespace declaration statement has to be the very first statement or after any declare call in the script
in APPPATH/Libraries/phpmailer/phpmailer/src/PHPMailer.php on line 21.
 1 [internal function]: CodeIgniter\Debug\Exceptions->shutdownHandler()
INFO - 2024-05-15 17:21:59 --> Session: Class initialized using 'CodeIgniter\Session\Handlers\FileHandler' driver.
INFO - 2024-05-15 17:21:59 --> Session: Class initialized using 'CodeIgniter\Session\Handlers\FileHandler' driver.
INFO - 2024-05-15 17:22:48 --> Session: Class initialized using 'CodeIgniter\Session\Handlers\FileHandler' driver.
INFO - 2024-05-15 17:23:16 --> Session: Class initialized using 'CodeIgniter\Session\Handlers\FileHandler' driver.
INFO - 2024-05-15 17:23:18 --> Session: Class initialized using 'CodeIgniter\Session\Handlers\FileHandler' driver.
INFO - 2024-05-15 17:23:20 --> Session: Class initialized using 'CodeIgniter\Session\Handlers\FileHandler' driver.
INFO - 2024-05-15 17:23:20 --> Session: Class initialized using 'CodeIgniter\Session\Handlers\FileHandler' driver.
INFO - 2024-05-15 17:26:07 --> Session: Class initialized using 'CodeIgniter\Session\Handlers\FileHandler' driver.
INFO - 2024-05-15 17:26:10 --> Session: Class initialized using 'CodeIgniter\Session\Handlers\FileHandler' driver.
INFO - 2024-05-15 17:26:12 --> Session: Class initialized using 'CodeIgniter\Session\Handlers\FileHandler' driver.
INFO - 2024-05-15 17:26:12 --> Session: Class initialized using 'CodeIgniter\Session\Handlers\FileHandler' driver.
INFO - 2024-05-15 17:26:23 --> Session: Class initialized using 'CodeIgniter\Session\Handlers\FileHandler' driver.
INFO - 2024-05-15 17:36:14 --> Session: Class initialized using 'CodeIgniter\Session\Handlers\FileHandler' driver.
INFO - 2024-05-15 17:36:16 --> Session: Class initialized using 'CodeIgniter\Session\Handlers\FileHandler' driver.
INFO - 2024-05-15 17:36:16 --> Session: Class initialized using 'CodeIgniter\Session\Handlers\FileHandler' driver.
INFO - 2024-05-15 17:36:21 --> Session: Class initialized using 'CodeIgniter\Session\Handlers\FileHandler' driver.
INFO - 2024-05-15 17:36:27 --> Session: Class initialized using 'CodeIgniter\Session\Handlers\FileHandler' driver.
INFO - 2024-05-15 17:36:27 --> Session: Class initialized using 'CodeIgniter\Session\Handlers\FileHandler' driver.
INFO - 2024-05-15 17:36:33 --> Session: Class initialized using 'CodeIgniter\Session\Handlers\FileHandler' driver.
INFO - 2024-05-15 17:36:33 --> Session: Class initialized using 'CodeIgniter\Session\Handlers\FileHandler' driver.
